08-May-2026 16:43:15.643 信息 [main] org.apache.catalina.startup.VersionLoggerListener.log Server.服务器版本: Apache Tomcat/10.1.54
08-May-2026 16:43:15.653 信息 [main] org.apache.catalina.startup.VersionLoggerListener.log 服务器构建:        Mar 30 2026 22:31:53 UTC
08-May-2026 16:43:15.653 信息 [main] org.apache.catalina.startup.VersionLoggerListener.log 服务器版本号:      10.1.54.0
08-May-2026 16:43:15.654 信息 [main] org.apache.catalina.startup.VersionLoggerListener.log 操作系统名称:      Windows 10
08-May-2026 16:43:15.655 信息 [main] org.apache.catalina.startup.VersionLoggerListener.log OS.版本:           10.0
08-May-2026 16:43:15.655 信息 [main] org.apache.catalina.startup.VersionLoggerListener.log 架构:              amd64
08-May-2026 16:43:15.655 信息 [main] org.apache.catalina.startup.VersionLoggerListener.log Java 环境变量:     D:\Java\jdk17
08-May-2026 16:43:15.655 信息 [main] org.apache.catalina.startup.VersionLoggerListener.log Java虚拟机版本:    17.0.12+8-LTS-286
08-May-2026 16:43:15.655 信息 [main] org.apache.catalina.startup.VersionLoggerListener.log JVM.供应商:        Oracle Corporation
08-May-2026 16:43:15.655 信息 [main] org.apache.catalina.startup.VersionLoggerListener.log CATALINA_BASE:     D:\4-codes\1-java-learn\apache-tomcat-10.1.54
08-May-2026 16:43:15.655 信息 [main] org.apache.catalina.startup.VersionLoggerListener.log CATALINA_HOME:     D:\4-codes\1-java-learn\apache-tomcat-10.1.54
08-May-2026 16:43:15.656 信息 [main] org.apache.catalina.startup.VersionLoggerListener.log 命令行参数：       -Djava.util.logging.config.file=D:\4-codes\1-java-learn\apache-tomcat-10.1.54\conf\logging.properties
08-May-2026 16:43:15.656 信息 [main] org.apache.catalina.startup.VersionLoggerListener.log 命令行参数：       -Djava.util.logging.manager=org.apache.juli.ClassLoaderLogManager
08-May-2026 16:43:15.656 信息 [main] org.apache.catalina.startup.VersionLoggerListener.log 命令行参数：       -Djdk.tls.ephemeralDHKeySize=2048
08-May-2026 16:43:15.656 信息 [main] org.apache.catalina.startup.VersionLoggerListener.log 命令行参数：       -Djava.protocol.handler.pkgs=org.apache.catalina.webresources
08-May-2026 16:43:15.657 信息 [main] org.apache.catalina.startup.VersionLoggerListener.log 命令行参数：       -Dsun.io.useCanonCaches=false
08-May-2026 16:43:15.657 信息 [main] org.apache.catalina.startup.VersionLoggerListener.log 命令行参数：       --add-opens=java.base/java.lang=ALL-UNNAMED
08-May-2026 16:43:15.657 信息 [main] org.apache.catalina.startup.VersionLoggerListener.log 命令行参数：       --add-opens=java.base/java.lang.reflect=ALL-UNNAMED
08-May-2026 16:43:15.657 信息 [main] org.apache.catalina.startup.VersionLoggerListener.log 命令行参数：       --add-opens=java.base/java.io=ALL-UNNAMED
08-May-2026 16:43:15.658 信息 [main] org.apache.catalina.startup.VersionLoggerListener.log 命令行参数：       --add-opens=java.base/java.util=ALL-UNNAMED
08-May-2026 16:43:15.658 信息 [main] org.apache.catalina.startup.VersionLoggerListener.log 命令行参数：       --add-opens=java.base/java.util.concurrent=ALL-UNNAMED
08-May-2026 16:43:15.658 信息 [main] org.apache.catalina.startup.VersionLoggerListener.log 命令行参数：       --add-opens=java.rmi/sun.rmi.transport=ALL-UNNAMED
08-May-2026 16:43:15.658 信息 [main] org.apache.catalina.startup.VersionLoggerListener.log 命令行参数：       -Dcatalina.base=D:\4-codes\1-java-learn\apache-tomcat-10.1.54
08-May-2026 16:43:15.659 信息 [main] org.apache.catalina.startup.VersionLoggerListener.log 命令行参数：       -Dcatalina.home=D:\4-codes\1-java-learn\apache-tomcat-10.1.54
08-May-2026 16:43:15.659 信息 [main] org.apache.catalina.startup.VersionLoggerListener.log 命令行参数：       -Djava.io.tmpdir=D:\4-codes\1-java-learn\apache-tomcat-10.1.54\temp
08-May-2026 16:43:15.661 信息 [main] org.apache.catalina.core.AprLifecycleListener.lifecycleEvent 使用APR版本[1.7.6]加载了基于APR的Apache Tomcat本机库[2.0.14]。
08-May-2026 16:43:15.666 信息 [main] org.apache.catalina.core.AprLifecycleListener.initializeSSL OpenSSL成功初始化 [OpenSSL 3.5.5 27 Jan 2026]
08-May-2026 16:43:15.838 信息 [main] org.apache.coyote.AbstractProtocol.init 初始化协议处理器 ["http-nio-8080"]
08-May-2026 16:43:15.856 信息 [main] org.apache.catalina.startup.Catalina.load 服务器在[363]毫秒内初始化
08-May-2026 16:43:15.887 信息 [main] org.apache.catalina.core.StandardService.startInternal 正在启动服务[Catalina]
08-May-2026 16:43:15.887 信息 [main] org.apache.catalina.core.StandardEngine.startInternal 正在启动 Servlet 引擎：[Apache Tomcat/10.1.54]
08-May-2026 16:43:15.919 信息 [main] org.apache.catalina.startup.HostConfig.deployWAR 正在部署web应用程序存档文件[D:\4-codes\1-java-learn\apache-tomcat-10.1.54\webapps\hello.war]
08-May-2026 16:43:16.172 信息 [main] org.apache.catalina.startup.HostConfig.deployWAR web应用程序存档文件[D:\4-codes\1-java-learn\apache-tomcat-10.1.54\webapps\hello.war]的部署已在[251]ms内完成
08-May-2026 16:43:16.176 信息 [main] org.apache.catalina.startup.HostConfig.deployDirectory 把web 应用程序部署到目录 [D:\4-codes\1-java-learn\apache-tomcat-10.1.54\webapps\docs]
08-May-2026 16:43:16.199 信息 [main] org.apache.catalina.startup.HostConfig.deployDirectory Web应用程序目录[D:\4-codes\1-java-learn\apache-tomcat-10.1.54\webapps\docs]的部署已在[23]毫秒内完成
08-May-2026 16:43:16.200 信息 [main] org.apache.catalina.startup.HostConfig.deployDirectory 把web 应用程序部署到目录 [D:\4-codes\1-java-learn\apache-tomcat-10.1.54\webapps\examples]
08-May-2026 16:43:16.376 信息 [main] org.apache.catalina.startup.HostConfig.deployDirectory Web应用程序目录[D:\4-codes\1-java-learn\apache-tomcat-10.1.54\webapps\examples]的部署已在[175]毫秒内完成
08-May-2026 16:43:16.389 信息 [main] org.apache.catalina.startup.HostConfig.deployDirectory 把web 应用程序部署到目录 [D:\4-codes\1-java-learn\apache-tomcat-10.1.54\webapps\host-manager]
08-May-2026 16:43:16.414 信息 [main] org.apache.catalina.startup.HostConfig.deployDirectory Web应用程序目录[D:\4-codes\1-java-learn\apache-tomcat-10.1.54\webapps\host-manager]的部署已在[25]毫秒内完成
08-May-2026 16:43:16.415 信息 [main] org.apache.catalina.startup.HostConfig.deployDirectory 把web 应用程序部署到目录 [D:\4-codes\1-java-learn\apache-tomcat-10.1.54\webapps\manager]
08-May-2026 16:43:16.435 信息 [main] org.apache.catalina.startup.HostConfig.deployDirectory Web应用程序目录[D:\4-codes\1-java-learn\apache-tomcat-10.1.54\webapps\manager]的部署已在[20]毫秒内完成
08-May-2026 16:43:16.439 信息 [main] org.apache.catalina.startup.HostConfig.deployDirectory 把web 应用程序部署到目录 [D:\4-codes\1-java-learn\apache-tomcat-10.1.54\webapps\ROOT]
08-May-2026 16:43:16.452 信息 [main] org.apache.catalina.startup.HostConfig.deployDirectory Web应用程序目录[D:\4-codes\1-java-learn\apache-tomcat-10.1.54\webapps\ROOT]的部署已在[13]毫秒内完成
08-May-2026 16:43:16.456 信息 [main] org.apache.coyote.AbstractProtocol.start 开始协议处理句柄["http-nio-8080"]
08-May-2026 16:43:16.507 信息 [main] org.apache.catalina.startup.Catalina.start [651]毫秒后服务器启动
08-May-2026 16:49:38.031 信息 [main] org.apache.catalina.startup.VersionLoggerListener.log Server.服务器版本: Apache Tomcat/10.1.54
08-May-2026 16:49:38.034 信息 [main] org.apache.catalina.startup.VersionLoggerListener.log 服务器构建:        Mar 30 2026 22:31:53 UTC
08-May-2026 16:49:38.036 信息 [main] org.apache.catalina.startup.VersionLoggerListener.log 服务器版本号:      10.1.54.0
08-May-2026 16:49:38.036 信息 [main] org.apache.catalina.startup.VersionLoggerListener.log 操作系统名称:      Windows 10
08-May-2026 16:49:38.036 信息 [main] org.apache.catalina.startup.VersionLoggerListener.log OS.版本:           10.0
08-May-2026 16:49:38.036 信息 [main] org.apache.catalina.startup.VersionLoggerListener.log 架构:              amd64
08-May-2026 16:49:38.037 信息 [main] org.apache.catalina.startup.VersionLoggerListener.log Java 环境变量:     D:\Java\jdk17
08-May-2026 16:49:38.037 信息 [main] org.apache.catalina.startup.VersionLoggerListener.log Java虚拟机版本:    17.0.12+8-LTS-286
08-May-2026 16:49:38.037 信息 [main] org.apache.catalina.startup.VersionLoggerListener.log JVM.供应商:        Oracle Corporation
08-May-2026 16:49:38.037 信息 [main] org.apache.catalina.startup.VersionLoggerListener.log CATALINA_BASE:     D:\4-codes\1-java-learn\apache-tomcat-10.1.54
08-May-2026 16:49:38.037 信息 [main] org.apache.catalina.startup.VersionLoggerListener.log CATALINA_HOME:     D:\4-codes\1-java-learn\apache-tomcat-10.1.54
08-May-2026 16:49:38.041 信息 [main] org.apache.catalina.startup.VersionLoggerListener.log 命令行参数：       -Djava.util.logging.config.file=D:\4-codes\1-java-learn\apache-tomcat-10.1.54\conf\logging.properties
08-May-2026 16:49:38.041 信息 [main] org.apache.catalina.startup.VersionLoggerListener.log 命令行参数：       -Djava.util.logging.manager=org.apache.juli.ClassLoaderLogManager
08-May-2026 16:49:38.041 信息 [main] org.apache.catalina.startup.VersionLoggerListener.log 命令行参数：       -Djdk.tls.ephemeralDHKeySize=2048
08-May-2026 16:49:38.041 信息 [main] org.apache.catalina.startup.VersionLoggerListener.log 命令行参数：       -Djava.protocol.handler.pkgs=org.apache.catalina.webresources
08-May-2026 16:49:38.042 信息 [main] org.apache.catalina.startup.VersionLoggerListener.log 命令行参数：       -Dsun.io.useCanonCaches=false
08-May-2026 16:49:38.042 信息 [main] org.apache.catalina.startup.VersionLoggerListener.log 命令行参数：       --add-opens=java.base/java.lang=ALL-UNNAMED
08-May-2026 16:49:38.042 信息 [main] org.apache.catalina.startup.VersionLoggerListener.log 命令行参数：       --add-opens=java.base/java.lang.reflect=ALL-UNNAMED
08-May-2026 16:49:38.043 信息 [main] org.apache.catalina.startup.VersionLoggerListener.log 命令行参数：       --add-opens=java.base/java.io=ALL-UNNAMED
08-May-2026 16:49:38.043 信息 [main] org.apache.catalina.startup.VersionLoggerListener.log 命令行参数：       --add-opens=java.base/java.util=ALL-UNNAMED
08-May-2026 16:49:38.043 信息 [main] org.apache.catalina.startup.VersionLoggerListener.log 命令行参数：       --add-opens=java.base/java.util.concurrent=ALL-UNNAMED
08-May-2026 16:49:38.043 信息 [main] org.apache.catalina.startup.VersionLoggerListener.log 命令行参数：       --add-opens=java.rmi/sun.rmi.transport=ALL-UNNAMED
08-May-2026 16:49:38.044 信息 [main] org.apache.catalina.startup.VersionLoggerListener.log 命令行参数：       -Dcatalina.base=D:\4-codes\1-java-learn\apache-tomcat-10.1.54
08-May-2026 16:49:38.044 信息 [main] org.apache.catalina.startup.VersionLoggerListener.log 命令行参数：       -Dcatalina.home=D:\4-codes\1-java-learn\apache-tomcat-10.1.54
08-May-2026 16:49:38.044 信息 [main] org.apache.catalina.startup.VersionLoggerListener.log 命令行参数：       -Djava.io.tmpdir=D:\4-codes\1-java-learn\apache-tomcat-10.1.54\temp
08-May-2026 16:49:38.046 信息 [main] org.apache.catalina.core.AprLifecycleListener.lifecycleEvent 使用APR版本[1.7.6]加载了基于APR的Apache Tomcat本机库[2.0.14]。
08-May-2026 16:49:38.050 信息 [main] org.apache.catalina.core.AprLifecycleListener.initializeSSL OpenSSL成功初始化 [OpenSSL 3.5.5 27 Jan 2026]
08-May-2026 16:49:38.208 信息 [main] org.apache.coyote.AbstractProtocol.init 初始化协议处理器 ["http-nio-8080"]
08-May-2026 16:49:38.226 信息 [main] org.apache.catalina.startup.Catalina.load 服务器在[336]毫秒内初始化
08-May-2026 16:49:38.259 信息 [main] org.apache.catalina.core.StandardService.startInternal 正在启动服务[Catalina]
08-May-2026 16:49:38.259 信息 [main] org.apache.catalina.core.StandardEngine.startInternal 正在启动 Servlet 引擎：[Apache Tomcat/10.1.54]
08-May-2026 16:49:38.287 信息 [main] org.apache.catalina.startup.HostConfig.deployWAR 正在部署web应用程序存档文件[D:\4-codes\1-java-learn\apache-tomcat-10.1.54\webapps\hello.war]
08-May-2026 16:49:38.546 信息 [main] org.apache.catalina.startup.HostConfig.deployWAR web应用程序存档文件[D:\4-codes\1-java-learn\apache-tomcat-10.1.54\webapps\hello.war]的部署已在[258]ms内完成
08-May-2026 16:49:38.547 信息 [main] org.apache.catalina.startup.HostConfig.deployDirectory 把web 应用程序部署到目录 [D:\4-codes\1-java-learn\apache-tomcat-10.1.54\webapps\docs]
08-May-2026 16:49:38.571 信息 [main] org.apache.catalina.startup.HostConfig.deployDirectory Web应用程序目录[D:\4-codes\1-java-learn\apache-tomcat-10.1.54\webapps\docs]的部署已在[23]毫秒内完成
08-May-2026 16:49:38.575 信息 [main] org.apache.catalina.startup.HostConfig.deployDirectory 把web 应用程序部署到目录 [D:\4-codes\1-java-learn\apache-tomcat-10.1.54\webapps\examples]
08-May-2026 16:49:38.739 信息 [main] org.apache.catalina.startup.HostConfig.deployDirectory Web应用程序目录[D:\4-codes\1-java-learn\apache-tomcat-10.1.54\webapps\examples]的部署已在[164]毫秒内完成
08-May-2026 16:49:38.739 信息 [main] org.apache.catalina.startup.HostConfig.deployDirectory 把web 应用程序部署到目录 [D:\4-codes\1-java-learn\apache-tomcat-10.1.54\webapps\host-manager]
08-May-2026 16:49:38.765 信息 [main] org.apache.catalina.startup.HostConfig.deployDirectory Web应用程序目录[D:\4-codes\1-java-learn\apache-tomcat-10.1.54\webapps\host-manager]的部署已在[25]毫秒内完成
08-May-2026 16:49:38.765 信息 [main] org.apache.catalina.startup.HostConfig.deployDirectory 把web 应用程序部署到目录 [D:\4-codes\1-java-learn\apache-tomcat-10.1.54\webapps\manager]
08-May-2026 16:49:38.785 信息 [main] org.apache.catalina.startup.HostConfig.deployDirectory Web应用程序目录[D:\4-codes\1-java-learn\apache-tomcat-10.1.54\webapps\manager]的部署已在[20]毫秒内完成
08-May-2026 16:49:38.786 信息 [main] org.apache.catalina.startup.HostConfig.deployDirectory 把web 应用程序部署到目录 [D:\4-codes\1-java-learn\apache-tomcat-10.1.54\webapps\ROOT]
08-May-2026 16:49:38.802 信息 [main] org.apache.catalina.startup.HostConfig.deployDirectory Web应用程序目录[D:\4-codes\1-java-learn\apache-tomcat-10.1.54\webapps\ROOT]的部署已在[16]毫秒内完成
08-May-2026 16:49:38.807 信息 [main] org.apache.coyote.AbstractProtocol.start 开始协议处理句柄["http-nio-8080"]
08-May-2026 16:49:38.842 信息 [main] org.apache.catalina.startup.Catalina.start [615]毫秒后服务器启动
